<?xml version="1.0" encoding="UTF-8"?>
<!-- Generated by org.testng.reporters.JUnitReportReporter -->
<testsuite skipped="0" hostname="DESKTOP-KR39H6Q" name="twitterTest.Vodafone_TwitterTask" tests="6" failures="0" timestamp="2021-04-03T18:55:02 EET" time="214.618" errors="0">
  <testcase name="Tweet_Poll_Positive" time="23.535" classname="twitterTest.Vodafone_TwitterTask"/>
  <system-out/>
  <testcase name="Tweet_GIF_Positive" time="27.926" classname="twitterTest.Vodafone_TwitterTask"/>
  <system-out/>
  <testcase name="Tweet_Text_MoreThan_Negative" time="26.419" classname="twitterTest.Vodafone_TwitterTask"/>
  <system-out/>
  <testcase name="Tweet_Text_LessThan_or_Equal_Positive" time="55.339" classname="twitterTest.Vodafone_TwitterTask"/>
  <system-out/>
  <testcase name="Tweet_TwoConsecutiveIdenticalTweets_Negative" time="55.994" classname="twitterTest.Vodafone_TwitterTask"/>
  <system-out/>
  <testcase name="Tweet_GIF_Negative" time="25.405" classname="twitterTest.Vodafone_TwitterTask"/>
  <system-out/>
</testsuite> <!-- twitterTest.Vodafone_TwitterTask -->
